[2018-09-20 15:55:59] xcloner_api.INFO: Processing ajax request ID _r415q6hp1 [] []
[2018-09-20 15:55:59] xcloner_file_system.INFO: Starting the filesystem scanner on root folder C:\Users\kirill.lozovski\Documents\Progect\beewinnre.com [] []
[2018-09-20 15:55:59] xcloner_file_system.INFO: Excluding .git from the filesystem list, matching pattern / ["FILESYSTEM SCAN","EXCLUDE"] []
[2018-09-20 15:55:59] xcloner_file_system.INFO: Excluding .gitattributes from the filesystem list, matching pattern / ["FILESYSTEM SCAN","EXCLUDE"] []
[2018-09-20 15:55:59] xcloner_file_system.INFO: Excluding .htaccess from the filesystem list, matching pattern / ["FILESYSTEM SCAN","EXCLUDE"] []
[2018-09-20 15:55:59] xcloner_file_system.INFO: Excluding index.php from the filesystem list, matching pattern / ["FILESYSTEM SCAN","EXCLUDE"] []
[2018-09-20 15:55:59] xcloner_file_system.INFO: Excluding license.txt from the filesystem list, matching pattern / ["FILESYSTEM SCAN","EXCLUDE"] []
[2018-09-20 15:55:59] xcloner_file_system.INFO: Excluding readme.html from the filesystem list, matching pattern / ["FILESYSTEM SCAN","EXCLUDE"] []
[2018-09-20 15:55:59] xcloner_file_system.INFO: Excluding wp-activate.php from the filesystem list, matching pattern / ["FILESYSTEM SCAN","EXCLUDE"] []
[2018-09-20 15:55:59] xcloner_file_system.INFO: Excluding wp-admin from the filesystem list, matching pattern / ["FILESYSTEM SCAN","EXCLUDE"] []
[2018-09-20 15:55:59] xcloner_file_system.INFO: Excluding wp-blog-header.php from the filesystem list, matching pattern / ["FILESYSTEM SCAN","EXCLUDE"] []
[2018-09-20 15:55:59] xcloner_file_system.INFO: Excluding wp-comments-post.php from the filesystem list, matching pattern / ["FILESYSTEM SCAN","EXCLUDE"] []
[2018-09-20 15:55:59] xcloner_file_system.INFO: Excluding wp-config-sample.php from the filesystem list, matching pattern / ["FILESYSTEM SCAN","EXCLUDE"] []
[2018-09-20 15:55:59] xcloner_file_system.INFO: Excluding wp-config.php from the filesystem list, matching pattern / ["FILESYSTEM SCAN","EXCLUDE"] []
[2018-09-20 15:55:59] xcloner_file_system.INFO: Excluding wp-content from the filesystem list, matching pattern / ["FILESYSTEM SCAN","EXCLUDE"] []
[2018-09-20 15:55:59] xcloner_file_system.INFO: Excluding wp-cron.php from the filesystem list, matching pattern / ["FILESYSTEM SCAN","EXCLUDE"] []
[2018-09-20 15:55:59] xcloner_file_system.INFO: Excluding wp-includes from the filesystem list, matching pattern / ["FILESYSTEM SCAN","EXCLUDE"] []
[2018-09-20 15:55:59] xcloner_file_system.INFO: Excluding wp-links-opml.php from the filesystem list, matching pattern / ["FILESYSTEM SCAN","EXCLUDE"] []
[2018-09-20 15:55:59] xcloner_file_system.INFO: Excluding wp-load.php from the filesystem list, matching pattern / ["FILESYSTEM SCAN","EXCLUDE"] []
[2018-09-20 15:55:59] xcloner_file_system.INFO: Excluding wp-login.php from the filesystem list, matching pattern / ["FILESYSTEM SCAN","EXCLUDE"] []
[2018-09-20 15:55:59] xcloner_file_system.INFO: Excluding wp-mail.php from the filesystem list, matching pattern / ["FILESYSTEM SCAN","EXCLUDE"] []
[2018-09-20 15:55:59] xcloner_file_system.INFO: Excluding wp-settings.php from the filesystem list, matching pattern / ["FILESYSTEM SCAN","EXCLUDE"] []
[2018-09-20 15:55:59] xcloner_file_system.INFO: Excluding wp-signup.php from the filesystem list, matching pattern / ["FILESYSTEM SCAN","EXCLUDE"] []
[2018-09-20 15:55:59] xcloner_file_system.INFO: Excluding wp-trackback.php from the filesystem list, matching pattern / ["FILESYSTEM SCAN","EXCLUDE"] []
[2018-09-20 15:55:59] xcloner_file_system.INFO: Excluding xmlrpc.php from the filesystem list, matching pattern / ["FILESYSTEM SCAN","EXCLUDE"] []
[2018-09-20 15:55:59] xcloner_api.INFO: Processing ajax request ID _js303h5k7 [] []
[2018-09-20 15:55:59] xcloner_database.INFO: Preparing the database recursion file [""] []
[2018-09-20 15:56:00] xcloner_api.INFO: Processing ajax request ID _qmv0kvnj4 [] []
[2018-09-20 15:56:00] xcloner_database.INFO: Starting new backup dump to file database-backup.sql [""] []
[2018-09-20 15:56:00] xcloner_database.INFO: Writing beewinner database dump headers [""] []
[2018-09-20 15:56:00] xcloner_database.INFO: Dumping the structure for beewinner.wp_commentmeta table [""] []
[2018-09-20 15:56:00] xcloner_database.INFO: Dumping 0 records starting position 0 from beewinner.wp_commentmeta table [""] []
[2018-09-20 15:56:00] xcloner_api.INFO: Processing ajax request ID _in1v4bpla [] []
[2018-09-20 15:56:00] xcloner_database.INFO: Dumping the structure for beewinner.wp_comments table [""] []
[2018-09-20 15:56:00] xcloner_database.INFO: Dumping 1 records starting position 0 from beewinner.wp_comments table [""] []
[2018-09-20 15:56:00] xcloner_api.INFO: Processing ajax request ID _638r3f3ep [] []
[2018-09-20 15:56:00] xcloner_database.INFO: Dumping the structure for beewinner.wp_links table [""] []
[2018-09-20 15:56:00] xcloner_database.INFO: Dumping 0 records starting position 0 from beewinner.wp_links table [""] []
[2018-09-20 15:56:01] xcloner_api.INFO: Processing ajax request ID _3teahpi8d [] []
[2018-09-20 15:56:01] xcloner_database.INFO: Dumping the structure for beewinner.wp_options table [""] []
[2018-09-20 15:56:02] xcloner_database.INFO: Dumping 149 records starting position 0 from beewinner.wp_options table [""] []
[2018-09-20 15:56:02] xcloner_api.INFO: Processing ajax request ID _t0peb74a0 [] []
[2018-09-20 15:56:02] xcloner_database.INFO: Dumping the structure for beewinner.wp_postmeta table [""] []
[2018-09-20 15:56:04] xcloner_database.INFO: Dumping 287 records starting position 0 from beewinner.wp_postmeta table [""] []
[2018-09-20 15:56:04] xcloner_api.INFO: Processing ajax request ID _d9gvi9ykb [] []
[2018-09-20 15:56:04] xcloner_database.INFO: Dumping the structure for beewinner.wp_posts table [""] []
[2018-09-20 15:56:06] xcloner_database.INFO: Dumping 128 records starting position 0 from beewinner.wp_posts table [""] []
[2018-09-20 15:56:06] xcloner_api.INFO: Processing ajax request ID _s2fmqek07 [] []
[2018-09-20 15:56:06] xcloner_database.INFO: Dumping the structure for beewinner.wp_term_relationships table [""] []
[2018-09-20 15:56:06] xcloner_database.INFO: Dumping 32 records starting position 0 from beewinner.wp_term_relationships table [""] []
[2018-09-20 15:56:06] xcloner_api.INFO: Processing ajax request ID _5uf320ksn [] []
[2018-09-20 15:56:06] xcloner_database.INFO: Dumping the structure for beewinner.wp_term_taxonomy table [""] []
[2018-09-20 15:56:07] xcloner_database.INFO: Dumping 11 records starting position 0 from beewinner.wp_term_taxonomy table [""] []
[2018-09-20 15:56:07] xcloner_api.INFO: Processing ajax request ID _k5w0wbxhh [] []
[2018-09-20 15:56:07] xcloner_database.INFO: Dumping the structure for beewinner.wp_termmeta table [""] []
[2018-09-20 15:56:07] xcloner_database.INFO: Dumping 0 records starting position 0 from beewinner.wp_termmeta table [""] []
[2018-09-20 15:56:07] xcloner_api.INFO: Processing ajax request ID _41wuc6pfz [] []
[2018-09-20 15:56:07] xcloner_database.INFO: Dumping the structure for beewinner.wp_terms table [""] []
[2018-09-20 15:56:07] xcloner_database.INFO: Dumping 11 records starting position 0 from beewinner.wp_terms table [""] []
[2018-09-20 15:56:07] xcloner_api.INFO: Processing ajax request ID _9vb0di0ye [] []
[2018-09-20 15:56:08] xcloner_database.INFO: Dumping the structure for beewinner.wp_usermeta table [""] []
[2018-09-20 15:56:08] xcloner_database.INFO: Dumping 29 records starting position 0 from beewinner.wp_usermeta table [""] []
[2018-09-20 15:56:08] xcloner_api.INFO: Processing ajax request ID _cxwue8ni8 [] []
[2018-09-20 15:56:08] xcloner_database.INFO: Dumping the structure for beewinner.wp_users table [""] []
[2018-09-20 15:56:08] xcloner_database.INFO: Dumping 1 records starting position 0 from beewinner.wp_users table [""] []
[2018-09-20 15:56:08] xcloner_api.INFO: Processing ajax request ID _v4kfo5372 [] []
[2018-09-20 15:56:08] xcloner_database.INFO: Dumping the structure for beewinner.wp_xcloner_scheduler table [""] []
[2018-09-20 15:56:08] xcloner_database.INFO: Dumping 0 records starting position 0 from beewinner.wp_xcloner_scheduler table [""] []
[2018-09-20 15:56:09] xcloner_api.INFO: Processing ajax request ID _m3kras5jb [] []
[2018-09-20 15:56:09] xcloner_api.INFO: Processing ajax request ID _0u5g7ra9m [] []
[2018-09-20 15:56:09] xcloner_archive.INFO: Initializing the backup archive backup_beewinnre.com-2018-09-20_15-56-sql [] []
[2018-09-20 15:56:09] xcloner_archive.INFO: Adding 0 bytes of file xcloner-20371/index.html to archive backup_beewinnre.com-2018-09-20_15-56-sql-20371.tar  [] []
[2018-09-20 15:56:09] xcloner_archive.INFO: Adding 321 bytes of file xcloner-20371/backup_files.csv to archive backup_beewinnre.com-2018-09-20_15-56-sql-20371.tar  [] []
[2018-09-20 15:56:09] xcloner_archive.INFO: Adding 8813 bytes of file xcloner-20371/xcloner-20371.log to archive backup_beewinnre.com-2018-09-20_15-56-sql-20371.tar  [] []
[2018-09-20 15:56:09] xcloner_archive.INFO: Adding 293348 bytes of file xcloner-20371/database-backup.sql to archive backup_beewinnre.com-2018-09-20_15-56-sql-20371.tar  [] []
[2018-09-20 15:56:09] xcloner_archive.INFO: Closing the backup archive backup_beewinnre.com-2018-09-20_15-56-sql-20371.tar with 2*512 zero bytes blocks. [] []
[2018-09-20 15:56:09] xcloner_archive.INFO: Sending backup notification to all4sitecomua@gmail.com [] []
[2018-09-20 15:56:09] php_system.INFO: E_WARNING: array (   'type' => 2,   'message' => 'rmdir(c:\\ospanel\\userdata\\temp\\.xcloner-20371): Directory not empty',   'file' => 'C:\\Users\\kirill.lozovski\\Documents\\Progect\\beewinnre.com\\wp-content\\plugins\\xcloner-backup-and-restore\\includes\\class-xcloner-file-system.php',   'line' => 461, ) [] []
